[PROFILE_SWITCHER] enabled calm=profit_push fast=profit_push active=profit_push
[DECISION] 2026-03-12T06:45:00+00:00 BTCUSDT mode=spot side=long score=44.04
[DECISION] 2026-03-12T06:45:00+00:00 ETHUSDT mode=spot side=long score=46.81
[DECISION] 2026-03-12T06:45:00+00:00 SOLUSDT mode=spot side=long score=46.84
[DECISION] 2026-03-12T06:45:00+00:00 DOGEUSDT mode=cash side=flat score=53.68
[DECISION] 2026-03-12T06:45:00+00:00 ADAUSDT mode=cash side=flat score=50.70
[DECISION] 2026-03-12T06:45:00+00:00 XRPUSDT mode=cash side=flat score=51.81
[DECISION] 2026-03-12T06:45:00+00:00 TRXUSDT mode=cash side=flat score=59.16
[DECISION] 2026-03-12T06:45:00+00:00 LINKUSDT mode=spot side=long score=48.40
[DECISION] 2026-03-12T06:45:00+00:00 WLDUSDT mode=futures side=short score=64.73
[TEST_ORDER] WLDUSDT market=futures side=sell qty=1807.68222222 accepted=True
[CONNECT] websocket attempt=1
[SYNC] 2026-03-12T06:45:02.442167+00:00 account/open-order snapshot refreshed
[DECISION] 2026-03-12T06:45:00+00:00 BTCUSDT mode=spot side=long score=50.10
[DECISION] 2026-03-12T06:45:00+00:00 ETHUSDT mode=spot side=long score=52.01
[DECISION] 2026-03-12T06:45:00+00:00 SOLUSDT mode=spot side=long score=50.69
[DECISION] 2026-03-12T06:45:00+00:00 DOGEUSDT mode=futures side=short score=56.65
[LIVE_ORDER_SKIP] DOGEUSDT reason=EDGE_TO_COST_TOO_LOW_LIVE
[TEST_ORDER] DOGEUSDT market=futures side=sell qty=6894.45246115 accepted=True
[DECISION] 2026-03-12T06:45:00+00:00 ADAUSDT mode=cash side=flat score=52.89
[DECISION] 2026-03-12T06:45:00+00:00 XRPUSDT mode=futures side=short score=56.72
[TEST_ORDER] XRPUSDT market=futures side=sell qty=462.83205194 accepted=True
[DECISION] 2026-03-12T06:45:00+00:00 TRXUSDT mode=cash side=flat score=58.01
[DECISION] 2026-03-12T06:45:00+00:00 LINKUSDT mode=spot side=long score=49.30
[DECISION] 2026-03-12T06:45:00+00:00 WLDUSDT mode=futures side=short score=69.34
[TEST_ORDER] WLDUSDT market=futures side=sell qty=1807.68222222 accepted=True
